<?xml version="1.0" encoding="UTF-8"?>
<coverage generated="1714727787290" clover="3.2.0">
  <project timestamp="1714727787290" name="All files">
    <metrics statements="29" coveredstatements="26" conditionals="16" coveredconditionals="16" methods="3" coveredmethods="3" elements="48" coveredelements="45" complexity="0" loc="29" ncloc="29" packages="1" files="1" classes="1"/>
    <file name="controller.js" path="/Users/damacm1105/Downloads/justSaveIt 5/js/controller.js">
      <metrics statements="29" coveredstatements="26" conditionals="16" coveredconditionals="16" methods="3" coveredmethods="3"/>
      <line num="2" count="4" type="stmt"/>
      <line num="3" count="4" type="stmt"/>
      <line num="4" count="4" type="stmt"/>
      <line num="5" count="4" type="stmt"/>
      <line num="10" count="4" type="stmt"/>
      <line num="11" count="4" type="stmt"/>
      <line num="13" count="4" type="cond" truecount="6" falsecount="0"/>
      <line num="14" count="2" type="stmt"/>
      <line num="15" count="0" type="stmt"/>
      <line num="18" count="2" type="cond" truecount="4" falsecount="0"/>
      <line num="19" count="1" type="stmt"/>
      <line num="20" count="0" type="stmt"/>
      <line num="23" count="1" type="stmt"/>
      <line num="28" count="2" type="stmt"/>
      <line num="29" count="2" type="stmt"/>
      <line num="30" count="2" type="stmt"/>
      <line num="32" count="2" type="stmt"/>
      <line num="33" count="3" type="stmt"/>
      <line num="35" count="3" type="cond" truecount="2" falsecount="0"/>
      <line num="36" count="1" type="stmt"/>
      <line num="39" count="3" type="cond" truecount="2" falsecount="0"/>
      <line num="40" count="2" type="stmt"/>
      <line num="44" count="2" type="stmt"/>
      <line num="46" count="2" type="stmt"/>
      <line num="51" count="2" type="cond" truecount="2" falsecount="0"/>
      <line num="52" count="1" type="stmt"/>
      <line num="53" count="0" type="stmt"/>
      <line num="55" count="1" type="stmt"/>
      <line num="59" count="4" type="stmt"/>
    </file>
  </project>
</coverage>
