{"/Users/damacm1105/Desktop/expense-tracker/js/controller.js": {"path":"/Users/damacm1105/Desktop/expense-tracker/js/controller.js","statementMap":{"0":{"start":{"line":2,"column":24},"end":{"line":2,"column":26}},"1":{"start":{"line":3,"column":14},"end":{"line":3,"column":15}},"2":{"start":{"line":4,"column":12},"end":{"line":4,"column":13}},"3":{"start":{"line":5,"column":13},"end":{"line":5,"column":14}},"4":{"start":{"line":10,"column":15},"end":{"line":10,"column":25}},"5":{"start":{"line":11,"column":13},"end":{"line":11,"column":23}},"6":{"start":{"line":13,"column":2},"end":{"line":16,"column":3}},"7":{"start":{"line":14,"column":4},"end":{"line":14,"column":38}},"8":{"start":{"line":15,"column":4},"end":{"line":15,"column":48}},"9":{"start":{"line":18,"column":2},"end":{"line":21,"column":3}},"10":{"start":{"line":19,"column":4},"end":{"line":19,"column":55}},"11":{"start":{"line":20,"column":4},"end":{"line":20,"column":65}},"12":{"start":{"line":23,"column":2},"end":{"line":23,"column":62}},"13":{"start":{"line":28,"column":2},"end":{"line":28,"column":12}},"14":{"start":{"line":29,"column":2},"end":{"line":29,"column":13}},"15":{"start":{"line":30,"column":2},"end":{"line":30,"column":14}},"16":{"start":{"line":32,"column":2},"end":{"line":42,"column":3}},"17":{"start":{"line":32,"column":15},"end":{"line":32,"column":16}},"18":{"start":{"line":33,"column":22},"end":{"line":33,"column":43}},"19":{"start":{"line":35,"column":4},"end":{"line":37,"column":5}},"20":{"start":{"line":36,"column":6},"end":{"line":36,"column":43}},"21":{"start":{"line":39,"column":4},"end":{"line":41,"column":5}},"22":{"start":{"line":40,"column":6},"end":{"line":40,"column":42}},"23":{"start":{"line":44,"column":2},"end":{"line":44,"column":27}},"24":{"start":{"line":46,"column":2},"end":{"line":46,"column":36}},"25":{"start":{"line":51,"column":2},"end":{"line":54,"column":3}},"26":{"start":{"line":52,"column":4},"end":{"line":52,"column":38}},"27":{"start":{"line":53,"column":4},"end":{"line":53,"column":48}},"28":{"start":{"line":55,"column":2},"end":{"line":55,"column":38}},"29":{"start":{"line":59,"column":0},"end":{"line":67,"column":2}}},"fnMap":{"0":{"name":"updateTransactionsArray","decl":{"start":{"line":8,"column":9},"end":{"line":8,"column":32}},"loc":{"start":{"line":8,"column":55},"end":{"line":24,"column":1}},"line":8},"1":{"name":"calcReturnValues","decl":{"start":{"line":27,"column":9},"end":{"line":27,"column":25}},"loc":{"start":{"line":27,"column":28},"end":{"line":47,"column":1}},"line":27},"2":{"name":"removeTransaction","decl":{"start":{"line":50,"column":9},"end":{"line":50,"column":26}},"loc":{"start":{"line":50,"column":34},"end":{"line":56,"column":1}},"line":50}},"branchMap":{"0":{"loc":{"start":{"line":13,"column":2},"end":{"line":16,"column":3}},"type":"if","locations":[{"start":{"line":13,"column":2},"end":{"line":16,"column":3}},{"start":{},"end":{}}],"line":13},"1":{"loc":{"start":{"line":13,"column":6},"end":{"line":13,"column":66}},"type":"binary-expr","locations":[{"start":{"line":13,"column":6},"end":{"line":13,"column":16}},{"start":{"line":13,"column":20},"end":{"line":13,"column":27}},{"start":{"line":13,"column":31},"end":{"line":13,"column":38}},{"start":{"line":13,"column":42},"end":{"line":13,"column":66}}],"line":13},"2":{"loc":{"start":{"line":18,"column":2},"end":{"line":21,"column":3}},"type":"if","locations":[{"start":{"line":18,"column":2},"end":{"line":21,"column":3}},{"start":{},"end":{}}],"line":18},"3":{"loc":{"start":{"line":18,"column":6},"end":{"line":18,"column":42}},"type":"binary-expr","locations":[{"start":{"line":18,"column":6},"end":{"line":18,"column":22}},{"start":{"line":18,"column":26},"end":{"line":18,"column":42}}],"line":18},"4":{"loc":{"start":{"line":35,"column":4},"end":{"line":37,"column":5}},"type":"if","locations":[{"start":{"line":35,"column":4},"end":{"line":37,"column":5}},{"start":{},"end":{}}],"line":35},"5":{"loc":{"start":{"line":39,"column":4},"end":{"line":41,"column":5}},"type":"if","locations":[{"start":{"line":39,"column":4},"end":{"line":41,"column":5}},{"start":{},"end":{}}],"line":39},"6":{"loc":{"start":{"line":51,"column":2},"end":{"line":54,"column":3}},"type":"if","locations":[{"start":{"line":51,"column":2},"end":{"line":54,"column":3}},{"start":{},"end":{}}],"line":51}},"s":{"0":4,"1":4,"2":4,"3":4,"4":4,"5":4,"6":4,"7":2,"8":0,"9":2,"10":1,"11":0,"12":1,"13":2,"14":2,"15":2,"16":2,"17":2,"18":3,"19":3,"20":1,"21":3,"22":2,"23":2,"24":2,"25":2,"26":1,"27":0,"28":1,"29":4},"f":{"0":4,"1":2,"2":2},"b":{"0":[2,2],"1":[4,3,3,2],"2":[1,1],"3":[2,1],"4":[1,2],"5":[2,1],"6":[1,1]},"_coverageSchema":"1a1c01bbd47fc00a2c39e90264f33305004495a9","hash":"54537dbf0ba97bf783a92cc0e19111f70c80c410"}
}
