TN:
SF:js/controller.js
FN:8,updateTransactionsArray
FN:27,calcReturnValues
FN:50,removeTransaction
FNF:3
FNH:3
FNDA:4,updateTransactionsArray
FNDA:2,calcReturnValues
FNDA:2,removeTransaction
DA:2,4
DA:3,4
DA:4,4
DA:5,4
DA:10,4
DA:11,4
DA:13,4
DA:14,2
DA:15,0
DA:18,2
DA:19,1
DA:20,0
DA:23,1
DA:28,2
DA:29,2
DA:30,2
DA:32,2
DA:33,3
DA:35,3
DA:36,1
DA:39,3
DA:40,2
DA:44,2
DA:46,2
DA:51,2
DA:52,1
DA:53,0
DA:55,1
DA:59,4
LF:29
LH:26
BRDA:13,0,0,2
BRDA:13,0,1,2
BRDA:13,1,0,4
BRDA:13,1,1,3
BRDA:13,1,2,3
BRDA:13,1,3,2
BRDA:18,2,0,1
BRDA:18,2,1,1
BRDA:18,3,0,2
BRDA:18,3,1,1
BRDA:35,4,0,1
BRDA:35,4,1,2
BRDA:39,5,0,2
BRDA:39,5,1,1
BRDA:51,6,0,1
BRDA:51,6,1,1
BRF:16
BRH:16
end_of_record
